--- Startup times for process: Primary (or UI client) ---

times in msec
 clock   self+sourced   self:  sourced script
 clock   elapsed:              other lines

000.000  000.000: --- NVIM STARTING ---
000.080  000.080: event init
000.136  000.056: early init
000.152  000.016: locale set
000.181  000.029: init first window
000.382  000.201: inits 1
000.389  000.007: window checked
000.391  000.002: parsing arguments
000.693  000.029  000.029: require('vim._core.shared')
000.738  000.003  000.003: require('string.buffer')
000.754  000.030  000.027: require('vim.inspect')
000.785  000.026  000.026: require('vim._core.options')
000.786  000.091  000.035: require('vim._core.editor')
000.807  000.020  000.020: require('vim._core.system')
000.807  000.159  000.020: require('vim._init_packages')
000.808  000.258: init lua interpreter
002.532  001.724: nvim_ui_attach
002.700  000.168: nvim_set_client_info
002.701  000.001: --- NVIM STARTED ---

--- Startup times for process: Embedded ---

times in msec
 clock   self+sourced   self:  sourced script
 clock   elapsed:              other lines

000.000  000.000: --- NVIM STARTING ---
000.059  000.059: event init
000.100  000.041: early init
000.116  000.016: locale set
000.138  000.022: init first window
000.298  000.160: inits 1
000.304  000.006: window checked
000.306  000.002: parsing arguments
000.589  000.028  000.028: require('vim._core.shared')
000.632  000.003  000.003: require('string.buffer')
000.646  000.027  000.024: require('vim.inspect')
000.684  000.033  000.033: require('vim._core.options')
000.685  000.095  000.035: require('vim._core.editor')
000.701  000.015  000.015: require('vim._core.system')
000.701  000.152  000.015: require('vim._init_packages')
000.702  000.244: init lua interpreter
000.727  000.025: expanding arguments
000.737  000.010: inits 2
000.893  000.156: init highlight
000.893  000.000: waiting for UI
000.986  000.093: done waiting for UI
000.990  000.003: clear screen
001.074  000.006  000.006: require('vim.keymap')
001.491  000.077  000.077: sourcing nvim_exec2()
001.509  000.003  000.003: require('vim._core.log')
003.226  002.235  002.148: require('vim._core.defaults')
003.227  000.002: init default mappings & autocommands
003.379  000.029  000.029: sourcing /usr/share/nvim/runtime/ftplugin.vim
003.405  000.011  000.011: sourcing /usr/share/nvim/runtime/indent.vim
003.626  000.115  000.115: require('configs.lazy')
003.689  000.061  000.061: require('lazy')
003.699  000.006  000.006: require('ffi')
003.725  000.016  000.016: require('vim.fs')
003.779  000.052  000.052: require('vim.uri')
003.785  000.085  000.016: require('vim.loader')
003.849  000.055  000.055: require('lazy.stats')
003.908  000.044  000.044: require('lazy.core.util')
003.959  000.050  000.050: require('lazy.core.config')
004.066  000.025  000.025: require('lazy.core.handler')
004.150  000.023  000.023: require('lazy.pkg')
004.152  000.050  000.027: require('lazy.core.meta')
004.155  000.088  000.038: require('lazy.core.plugin')
004.160  000.200  000.087: require('lazy.core.loader')
004.407  000.038  000.038: require('lazy.core.fragments')
005.258  000.091  000.091: require('configs.conform')
005.527  000.092  000.092: require('cmp.utils.debug')
005.668  000.048  000.048: require('cmp.utils.char')
005.672  000.143  000.095: require('cmp.utils.str')
005.794  000.046  000.046: require('cmp.utils.misc')
005.850  000.055  000.055: require('cmp.utils.buffer')
005.900  000.049  000.049: require('cmp.utils.api')
005.904  000.200  000.051: require('cmp.utils.keymap')
005.905  000.233  000.032: require('cmp.utils.feedkeys')
006.061  000.031  000.031: require('cmp.types.cmp')
006.115  000.053  000.053: require('cmp.types.lsp')
006.148  000.032  000.032: require('cmp.types.vim')
006.149  000.144  000.028: require('cmp.types')
006.151  000.188  000.044: require('cmp.config.mapping')
006.173  000.022  000.022: require('cmp.utils.cache')
006.235  000.031  000.031: require('cmp.config.compare')
006.257  000.022  000.022: require('cmp.config.window')
006.258  000.084  000.031: require('cmp.config.default')
006.267  000.330  000.037: require('cmp.config')
006.274  000.368  000.038: require('cmp.utils.async')
006.327  000.027  000.027: require('cmp.utils.pattern')
006.329  000.054  000.026: require('cmp.context')
006.559  000.113  000.113: require('cmp.utils.snippet')
006.598  000.038  000.038: require('cmp.matcher')
007.369  000.991  000.840: require('cmp.entry')
007.378  001.049  000.058: require('cmp.source')
007.560  000.094  000.094: require('cmp.utils.event')
007.655  000.041  000.041: require('cmp.utils.options')
007.658  000.070  000.029: require('cmp.utils.window')
007.659  000.097  000.026: require('cmp.view.docs_view')
007.724  000.023  000.023: require('cmp.utils.autocmd')
007.728  000.068  000.045: require('cmp.view.custom_entries_view')
007.757  000.028  000.028: require('cmp.view.wildmenu_entries_view')
007.782  000.025  000.025: require('cmp.view.native_entries_view')
007.832  000.049  000.049: require('cmp.view.ghost_text_view')
007.836  000.457  000.096: require('cmp.view')
008.022  002.649  000.252: require('cmp.core')
008.096  000.028  000.028: require('cmp.config.sources')
008.125  002.865  000.188: require('cmp')
008.794  000.030  000.030: require('lazy.core.handler.event')
008.817  000.021  000.021: require('lazy.core.handler.keys')
008.833  000.015  000.015: require('lazy.core.handler.ft')
008.849  000.015  000.015: require('lazy.core.handler.cmd')
009.364  000.021  000.021: sourcing nvim_exec2() called at /usr/share/nvim/runtime/filetype.lua:0
009.366  000.051  000.030: sourcing /usr/share/nvim/runtime/filetype.lua
009.368  000.064  000.013: sourcing nvim_exec2() called at /home/willc/.config/nvim/init.lua:0
009.425  000.001  000.001: sourcing nvim_exec2() called at /home/willc/.config/nvim/init.lua:0
009.429  000.001  000.001: sourcing nvim_exec2() called at /home/willc/.config/nvim/init.lua:0
009.534  000.001  000.001: sourcing nvim_exec2() called at /home/willc/.config/nvim/init.lua:0
009.538  000.001  000.001: sourcing nvim_exec2() called at /home/willc/.config/nvim/init.lua:0
009.643  000.013  000.013: sourcing /home/willc/.local/share/nvim/lazy/plenary.nvim/plugin/plenary.vim
009.644  000.023  000.010: sourcing nvim_exec2() called at /home/willc/.config/nvim/init.lua:0
009.656  000.001  000.001: sourcing nvim_exec2() called at /home/willc/.config/nvim/init.lua:0
009.659  000.001  000.001: sourcing nvim_exec2() called at /home/willc/.config/nvim/init.lua:0
009.665  000.001  000.001: sourcing nvim_exec2() called at /home/willc/.config/nvim/init.lua:0
009.668  000.000  000.000: sourcing nvim_exec2() called at /home/willc/.config/nvim/init.lua:0
009.935  000.003  000.003: require('vim.F')
009.941  000.272  000.269: require('alpha')
009.974  000.032  000.032: require('alpha.themes.dashboard')
066.887  000.007  000.007: sourcing nvim_exec2() called at /home/willc/.config/nvim/init.lua:0
066.896  000.001  000.001: sourcing nvim_exec2() called at /home/willc/.config/nvim/init.lua:0
067.102  000.025  000.025: require('chadrc')
067.247  000.223  000.197: require('nvconfig')
067.335  000.080  000.080: require('nvchad.stl.utils')
067.438  000.095  000.095: require('nvchad.tabufline.lazyload')
067.441  000.541  000.143: require('nvchad')
067.850  000.309  000.309: require('markview.autocmds')
067.961  000.074  000.074: require('markview.commands')
067.964  000.475  000.093: sourcing /home/willc/.local/share/nvim/lazy/markview.nvim/plugin/markview.lua
067.965  000.489  000.014: sourcing nvim_exec2() called at /home/willc/.config/nvim/init.lua:0
067.970  000.002  000.002: sourcing nvim_exec2() called at /home/willc/.config/nvim/init.lua:0
067.975  000.001  000.001: sourcing nvim_exec2() called at /home/willc/.config/nvim/init.lua:0
068.535  000.063  000.063: require('vim.treesitter.language')
068.557  000.020  000.020: require('vim.func')
068.597  000.039  000.039: require('vim.treesitter._range')
068.631  000.030  000.030: require('vim.func._memoize')
068.680  000.312  000.160: require('vim.treesitter.query')
068.693  000.416  000.104: require('vim.treesitter.languagetree')
068.697  000.485  000.069: require('vim.treesitter')
068.783  000.637  000.152: sourcing /home/willc/.local/share/nvim/lazy/nvim-treesitter/plugin/filetypes.lua
068.785  000.649  000.011: sourcing nvim_exec2() called at /home/willc/.config/nvim/init.lua:0
068.839  000.041  000.041: sourcing /home/willc/.local/share/nvim/lazy/nvim-treesitter/plugin/nvim-treesitter.lua
068.841  000.052  000.011: sourcing nvim_exec2() called at /home/willc/.config/nvim/init.lua:0
068.877  000.024  000.024: sourcing /home/willc/.local/share/nvim/lazy/nvim-treesitter/plugin/query_predicates.lua
068.878  000.033  000.009: sourcing nvim_exec2() called at /home/willc/.config/nvim/init.lua:0
068.881  000.001  000.001: sourcing nvim_exec2() called at /home/willc/.config/nvim/init.lua:0
068.885  000.001  000.001: sourcing nvim_exec2() called at /home/willc/.config/nvim/init.lua:0
069.200  000.296  000.296: require('nvchad.configs.treesitter')
069.343  000.141  000.141: require('nvim-treesitter')
069.464  000.109  000.109: require('nvim-treesitter.config')
069.502  000.002  000.002: sourcing nvim_exec2() called at /home/willc/.config/nvim/init.lua:0
069.508  000.001  000.001: sourcing nvim_exec2() called at /home/willc/.config/nvim/init.lua:0
069.536  000.001  000.001: sourcing nvim_exec2() called at /home/willc/.config/nvim/init.lua:0
069.542  000.000  000.000: sourcing nvim_exec2() called at /home/willc/.config/nvim/init.lua:0
069.725  000.020  000.020: require('smear_cursor.config')
069.740  000.014  000.014: require('smear_cursor.math')
069.756  000.073  000.039: require('smear_cursor.color')
069.926  000.123  000.123: require('smear_cursor.draw')
069.946  000.018  000.018: require('smear_cursor.screen')
069.956  000.181  000.040: require('smear_cursor.animation')
069.958  000.201  000.020: require('smear_cursor.events')
069.959  000.391  000.117: require('smear_cursor')
070.159  000.002  000.002: sourcing nvim_exec2() called at /home/willc/.config/nvim/init.lua:0
070.164  000.001  000.001: sourcing nvim_exec2() called at /home/willc/.config/nvim/init.lua:0
070.997  000.746  000.746: require('vim.filetype')
071.233  000.017  000.017: require('luasnip.util.types')
071.237  000.043  000.026: require('luasnip.util.ext_opts')
071.320  000.014  000.014: require('luasnip.util.lazy_table')
071.338  000.017  000.017: require('luasnip.extras.filetype_functions')
071.345  000.072  000.040: require('luasnip.default_config')
071.347  000.109  000.037: require('luasnip.session')
071.348  000.252  000.100: require('luasnip.config')
071.377  001.145  000.148: sourcing /home/willc/.local/share/nvim/lazy/LuaSnip/plugin/luasnip.lua
071.379  001.157  000.012: sourcing nvim_exec2() called at /home/willc/.config/nvim/init.lua:0
071.408  000.014  000.014: sourcing /home/willc/.local/share/nvim/lazy/LuaSnip/plugin/luasnip.vim
071.409  000.026  000.012: sourcing nvim_exec2() called at /home/willc/.config/nvim/init.lua:0
071.412  000.001  000.001: sourcing nvim_exec2() called at /home/willc/.config/nvim/init.lua:0
071.417  000.001  000.001: sourcing nvim_exec2() called at /home/willc/.config/nvim/init.lua:0
071.571  000.028  000.028: require('vim.version')
072.296  000.768  000.739: require('luasnip.util.vimversion')
072.301  000.809  000.041: require('luasnip.util.util')
072.424  000.064  000.064: require('luasnip.util.str')
072.446  000.021  000.021: require('luasnip.util.table')
072.473  000.026  000.026: require('luasnip.nodes.key_indexer')
072.514  000.040  000.040: require('luasnip.util.feedkeys')
072.598  000.083  000.083: require('luasnip.nodes.util.snippet_string')
072.605  000.302  000.068: require('luasnip.nodes.util')
072.694  000.034  000.034: require('luasnip.session.snippet_collection.source')
072.722  000.027  000.027: require('luasnip.util.auto_table')
072.727  000.122  000.061: require('luasnip.session.snippet_collection')
072.857  000.063  000.063: require('luasnip.util.select')
072.875  000.017  000.017: require('luasnip.util.time')
073.083  000.328  000.247: require('luasnip.util._builtin_vars')
073.169  000.441  000.113: require('luasnip.util.environ')
073.197  000.026  000.026: require('luasnip.util.extend_decorator')
073.299  000.071  000.071: require('luasnip.util.path')
073.404  000.065  000.065: require('luasnip.util.log')
073.408  000.108  000.043: require('luasnip.loaders.util')
073.436  000.027  000.027: require('luasnip.loaders.data')
073.514  000.078  000.078: require('luasnip.loaders.fs_watchers')
073.518  000.320  000.037: require('luasnip.loaders')
073.539  002.117  000.096: require('luasnip')
074.240  000.108  000.108: require('luasnip.session.enqueueable_operations')
074.589  000.013  000.013: require('luasnip.util.events')
074.602  000.012  000.012: require('luasnip.nodes.optional_arg')
074.608  000.137  000.113: require('luasnip.nodes.node')
074.643  000.034  000.034: require('luasnip.nodes.insertNode')
074.662  000.019  000.019: require('luasnip.nodes.textNode')
074.683  000.019  000.019: require('luasnip.util.mark')
074.699  000.016  000.016: require('luasnip.util.pattern_tokenizer')
074.714  000.014  000.014: require('luasnip.util.dict')
075.031  000.302  000.302: require('luasnip.util.jsregexp')
075.037  000.322  000.020: require('luasnip.nodes.util.trig_engines')
075.103  000.807  000.247: require('luasnip.nodes.snippet')
075.169  000.019  000.019: require('luasnip.util.parser.neovim_ast')
075.295  000.125  000.125: require('luasnip.util.jsregexp')
075.319  000.022  000.022: require('luasnip.util.directed_graph')
075.321  000.191  000.026: require('luasnip.util.parser.ast_utils')
075.345  000.023  000.023: require('luasnip.nodes.functionNode')
075.376  000.030  000.030: require('luasnip.nodes.choiceNode')
075.405  000.029  000.029: require('luasnip.nodes.dynamicNode')
075.421  000.015  000.015: require('luasnip.util.functions')
075.423  000.319  000.031: require('luasnip.util.parser.ast_parser')
075.460  000.036  000.036: require('luasnip.util.parser.neovim_parser')
075.462  001.221  000.059: require('luasnip.util.parser')
075.479  000.016  000.016: require('luasnip.nodes.snippetProxy')
075.545  000.065  000.065: require('luasnip.util.jsonc')
075.575  000.014  000.014: require('luasnip.nodes.duplicate')
075.576  000.029  000.016: require('luasnip.loaders.snippet_cache')
075.580  001.549  000.110: require('luasnip.loaders.from_vscode')
076.756  000.026  000.026: require('luasnip.nodes.multiSnippet')
077.382  000.047  000.047: require('luasnip.loaders.from_snipmate')
078.204  000.044  000.044: require('luasnip.loaders.from_lua')
078.466  004.499  002.833: require('nvchad.configs.luasnip')
078.495  000.003  000.003: sourcing nvim_exec2() called at /home/willc/.config/nvim/init.lua:0
078.501  000.001  000.001: sourcing nvim_exec2() called at /home/willc/.config/nvim/init.lua:0
078.953  000.016  000.016: require('nvim-autopairs._log')
078.980  000.025  000.025: require('nvim-autopairs.utils')
078.985  000.074  000.032: require('nvim-autopairs.conds')
078.988  000.100  000.026: require('nvim-autopairs.rule')
078.989  000.128  000.028: require('nvim-autopairs.rules.basic')
078.995  000.485  000.357: require('nvim-autopairs')
079.062  000.052  000.052: require('nvim-autopairs.fastwrap')
079.301  000.021  000.021: require('nvim-autopairs.completion.handlers')
079.304  000.050  000.029: require('nvim-autopairs.completion.cmp')
079.397  000.002  000.002: sourcing nvim_exec2() called at /home/willc/.config/nvim/init.lua:0
079.402  000.001  000.001: sourcing nvim_exec2() called at /home/willc/.config/nvim/init.lua:0
079.482  000.001  000.001: sourcing nvim_exec2() called at /home/willc/.config/nvim/init.lua:0
079.486  000.001  000.001: sourcing nvim_exec2() called at /home/willc/.config/nvim/init.lua:0
079.560  000.001  000.001: sourcing nvim_exec2() called at /home/willc/.config/nvim/init.lua:0
079.563  000.000  000.000: sourcing nvim_exec2() called at /home/willc/.config/nvim/init.lua:0
079.642  000.001  000.001: sourcing nvim_exec2() called at /home/willc/.config/nvim/init.lua:0
079.646  000.000  000.000: sourcing nvim_exec2() called at /home/willc/.config/nvim/init.lua:0
080.059  000.304  000.304: require('cmp_async_path')
080.079  000.340  000.036: sourcing /home/willc/.local/share/nvim/lazy/cmp-async-path/plugin/cmp_async_path.lua
080.080  000.352  000.012: sourcing nvim_exec2() called at /home/willc/.config/nvim/init.lua:0
080.084  000.001  000.001: sourcing nvim_exec2() called at /home/willc/.config/nvim/init.lua:0
080.089  000.001  000.001: sourcing nvim_exec2() called at /home/willc/.config/nvim/init.lua:0
080.153  000.020  000.020: require('cmp.utils.highlight')
080.389  000.003  000.003: sourcing nvim_exec2() called at /home/willc/.local/share/nvim/lazy/nvim-cmp/plugin/cmp.lua:0
080.391  000.282  000.258: sourcing /home/willc/.local/share/nvim/lazy/nvim-cmp/plugin/cmp.lua
080.392  000.292  000.010: sourcing nvim_exec2() called at /home/willc/.config/nvim/init.lua:0
080.408  000.001  000.001: sourcing nvim_exec2() called at /home/willc/.config/nvim/init.lua:0
080.413  000.001  000.001: sourcing nvim_exec2() called at /home/willc/.config/nvim/init.lua:0
080.526  000.016  000.016: require('nvchad.cmp.format')
080.538  000.049  000.032: require('nvchad.cmp')
080.543  000.123  000.074: require('nvchad.configs.cmp')
080.798  000.021  000.021: sourcing /usr/share/nvim/runtime/plugin/editorconfig.lua
080.800  000.032  000.011: sourcing nvim_exec2() called at /home/willc/.config/nvim/init.lua:0
080.831  000.022  000.022: sourcing /usr/share/nvim/runtime/plugin/man.lua
080.832  000.029  000.008: sourcing nvim_exec2() called at /home/willc/.config/nvim/init.lua:0
080.917  000.076  000.076: sourcing /usr/share/nvim/runtime/plugin/matchparen.vim
080.918  000.084  000.007: sourcing nvim_exec2() called at /home/willc/.config/nvim/init.lua:0
080.958  000.030  000.030: sourcing /usr/share/nvim/runtime/plugin/net.lua
080.960  000.038  000.008: sourcing nvim_exec2() called at /home/willc/.config/nvim/init.lua:0
080.988  000.020  000.020: sourcing /usr/share/nvim/runtime/plugin/osc52.lua
080.989  000.027  000.007: sourcing nvim_exec2() called at /home/willc/.config/nvim/init.lua:0
081.028  000.031  000.031: sourcing /usr/share/nvim/runtime/plugin/shada.lua
081.029  000.038  000.007: sourcing nvim_exec2() called at /home/willc/.config/nvim/init.lua:0
081.057  000.016  000.016: sourcing /usr/share/nvim/runtime/plugin/spellfile.lua
081.058  000.027  000.011: sourcing nvim_exec2() called at /home/willc/.config/nvim/init.lua:0
081.227  000.017  000.017: require('cmp_buffer.timer')
081.230  000.046  000.030: require('cmp_buffer.buffer')
081.231  000.071  000.025: require('cmp_buffer.source')
081.232  000.088  000.017: require('cmp_buffer')
081.247  000.116  000.028: sourcing /home/willc/.local/share/nvim/lazy/cmp-buffer/after/plugin/cmp_buffer.lua
081.248  000.127  000.011: sourcing nvim_exec2() called at /home/willc/.config/nvim/init.lua:0
081.364  000.043  000.043: require('cmp_nvim_lsp.source')
081.366  000.078  000.035: require('cmp_nvim_lsp')
081.371  000.098  000.020: sourcing /home/willc/.local/share/nvim/lazy/cmp-nvim-lsp/after/plugin/cmp_nvim_lsp.lua
081.372  000.108  000.010: sourcing nvim_exec2() called at /home/willc/.config/nvim/init.lua:0
081.443  000.031  000.031: require('cmp_nvim_lua')
081.458  000.063  000.033: sourcing /home/willc/.local/share/nvim/lazy/cmp-nvim-lua/after/plugin/cmp_nvim_lua.lua
081.459  000.073  000.010: sourcing nvim_exec2() called at /home/willc/.config/nvim/init.lua:0
082.133  000.474  000.474: require('vim.lsp.protocol')
082.150  000.620  000.147: require('vim.lsp.util')
082.153  000.656  000.036: require('cmp_luasnip')
082.175  000.698  000.042: sourcing /home/willc/.local/share/nvim/lazy/cmp_luasnip/after/plugin/cmp_luasnip.lua
082.177  000.708  000.011: sourcing nvim_exec2() called at /home/willc/.config/nvim/init.lua:0
082.243  000.035  000.035: require('rustaceanvim.config')
082.550  000.016  000.016: sourcing /home/willc/.local/share/nvim/lazy/nvim-web-devicons/plugin/nvim-web-devicons.vim
082.552  000.030  000.014: sourcing nvim_exec2() called at /home/willc/.config/nvim/init.lua:0
082.555  000.001  000.001: sourcing nvim_exec2() called at /home/willc/.config/nvim/init.lua:0
082.569  000.001  000.001: sourcing nvim_exec2() called at /home/willc/.config/nvim/init.lua:0
082.648  000.032  000.032: require('nvchad.icons.devicons')
083.014  000.067  000.067: require('nvim-web-devicons.filetypes')
083.259  000.198  000.198: require('nvim-web-devicons.default.icons_by_filename')
083.668  000.407  000.407: require('nvim-web-devicons.default.icons_by_file_extension')
083.747  000.078  000.078: require('nvim-web-devicons.default.icons_by_operating_system')
083.774  000.026  000.026: require('nvim-web-devicons.default.icons_by_desktop_environment')
083.911  000.135  000.135: require('nvim-web-devicons.default.icons_by_window_manager')
083.912  000.873  000.028: require('nvim-web-devicons.icons-default')
084.096  001.446  000.507: require('nvim-web-devicons')
085.864  000.003  000.003: sourcing nvim_exec2() called at /home/willc/.config/nvim/init.lua:0
085.870  000.001  000.001: sourcing nvim_exec2() called at /home/willc/.config/nvim/init.lua:0
085.933  000.052  000.052: require('aerial')
085.958  003.709  002.144: require('aerial')
086.194  000.017  000.017: sourcing /home/willc/.local/share/nvim/lazy/which-key.nvim/plugin/which-key.lua
086.197  000.032  000.015: sourcing nvim_exec2() called at /home/willc/.config/nvim/init.lua:0
086.200  000.001  000.001: sourcing nvim_exec2() called at /home/willc/.config/nvim/init.lua:0
086.204  000.001  000.001: sourcing nvim_exec2() called at /home/willc/.config/nvim/init.lua:0
086.391  000.155  000.155: require('which-key')
086.429  000.036  000.036: require('which-key.config')
086.497  000.495  000.271: require('which-key')
086.665  000.026  000.026: sourcing /home/willc/.local/share/nvim/lazy/fzf-lua/plugin/fzf-lua.lua
086.667  000.039  000.013: sourcing nvim_exec2() called at /home/willc/.config/nvim/init.lua:0
086.670  000.001  000.001: sourcing nvim_exec2() called at /home/willc/.config/nvim/init.lua:0
086.674  000.001  000.001: sourcing nvim_exec2() called at /home/willc/.config/nvim/init.lua:0
086.996  000.107  000.107: require('fzf-lua.utils')
087.057  000.018  000.018: require('fzf-lua.lib.base64')
087.120  000.061  000.061: require('fzf-lua.lib.serpent')
087.122  000.125  000.045: require('fzf-lua.libuv')
087.127  000.275  000.044: require('fzf-lua.path')
087.267  000.085  000.085: require('fzf-lua.actions')
087.311  000.014  000.014: require('fzf-lua.class')
087.354  000.086  000.072: require('fzf-lua.devicons')
087.504  000.021  000.021: require('fzf-lua.previewer')
087.850  000.494  000.473: require('fzf-lua.defaults')
087.856  000.728  000.062: require('fzf-lua.config')
087.893  000.009  000.009: sourcing /home/willc/.local/share/nvim/lazy/fzf-lua/autoload/fzf_lua.vim
087.895  000.025  000.016: sourcing nvim_exec2() called at /home/willc/.config/nvim/init.lua:0
088.539  000.088  000.088: require('fzf-lua.win')
088.616  000.019  000.019: require('fzf-lua.fzf')
088.647  000.029  000.029: require('fzf-lua.shell')
088.652  000.111  000.063: require('fzf-lua.core')
088.695  000.040  000.040: require('fzf-lua.make_entry')
088.716  002.020  000.753: require('fzf-lua')
089.091  002.412  000.392: require('configs.FzfLua')
089.095  002.596  000.144: require('fzf-lua')
089.211  000.029  000.029: require('vim.lsp.log')
089.251  000.016  000.016: require('vim.lsp.sync')
089.254  000.040  000.023: require('vim.lsp._changetracking')
089.299  000.019  000.019: require('vim.lsp._transport')
089.302  000.002  000.002: require('vim._core.stringbuffer')
089.322  000.067  000.046: require('vim.lsp.rpc')
089.364  000.247  000.112: require('vim.lsp')
089.434  000.068  000.068: require('vim.lsp.buf')
089.568  000.129  000.129: require('vim.diagnostic')
089.660  003.701  000.165: require('mappings')
089.990  000.094  000.094: require('nvchad.options')
090.005  000.130  000.036: require('options')
090.069  000.046  000.046: require('nvchad.autocmds')
090.075  000.004  000.004: sourcing nvim_exec2() called at /home/willc/.config/nvim/init.lua:0
090.076  000.070  000.021: require('autocmds')
090.093  000.017  000.017: require('configs.ui')
090.224  000.026  000.026: require('nvim-autopairs.ts-conds')
090.226  000.049  000.023: require('nvim-autopairs.rules.ts_basic')
090.266  000.040  000.040: require('vim.treesitter.highlighter')
090.498  087.084  062.066: sourcing /home/willc/.config/nvim/init.lua
090.500  000.150: sourcing vimrc file(s)
090.590  000.017  000.017: sourcing /usr/share/nvim/runtime/filetype.lua
090.707  000.033  000.033: sourcing /usr/share/nvim/runtime/syntax/synload.vim
090.750  000.127  000.094: sourcing /usr/share/nvim/runtime/syntax/syntax.vim
090.758  000.114: inits 3
092.646  001.889: reading ShaDa
092.713  000.042  000.042: require('markview.state')
092.765  000.050  000.050: require('markview.spec')
092.882  000.144: opening buffers
092.969  000.061  000.061: require('aerial.config')
093.844  000.772  000.772: require('mini.icons')
093.934  000.046  000.046: require('aerial.highlight')
094.097  000.076  000.076: require('aerial.util')
094.099  000.114  000.037: require('aerial.autocommands')
094.147  000.272: BufEnter autocommands
094.149  000.002: editing files in windows
094.164  000.015: --- NVIM STARTED ---

--- Startup times for process: Primary (or UI client) ---

times in msec
 clock   self+sourced   self:  sourced script
 clock   elapsed:              other lines

000.000  000.000: --- NVIM STARTING ---
000.089  000.088: event init
000.141  000.052: early init
000.157  000.016: locale set
000.188  000.031: init first window
000.394  000.206: inits 1
000.401  000.007: window checked
000.403  000.003: parsing arguments
000.720  000.028  000.028: require('vim._core.shared')
000.781  000.003  000.003: require('string.buffer')
000.798  000.045  000.042: require('vim.inspect')
000.827  000.025  000.025: require('vim._core.options')
000.828  000.106  000.037: require('vim._core.editor')
000.851  000.022  000.022: require('vim._core.system')
000.851  000.176  000.020: require('vim._init_packages')
000.852  000.274: init lua interpreter
002.408  001.556: nvim_ui_attach
002.635  000.227: nvim_set_client_info
002.636  000.001: --- NVIM STARTED ---

--- Startup times for process: Embedded ---

times in msec
 clock   self+sourced   self:  sourced script
 clock   elapsed:              other lines

000.000  000.000: --- NVIM STARTING ---
000.056  000.055: event init
000.094  000.039: early init
000.110  000.016: locale set
000.139  000.029: init first window
000.310  000.171: inits 1
000.317  000.007: window checked
000.319  000.002: parsing arguments
000.610  000.027  000.027: require('vim._core.shared')
000.653  000.003  000.003: require('string.buffer')
000.667  000.027  000.025: require('vim.inspect')
000.698  000.026  000.026: require('vim._core.options')
000.699  000.088  000.035: require('vim._core.editor')
000.714  000.014  000.014: require('vim._core.system')
000.714  000.144  000.015: require('vim._init_packages')
000.715  000.252: init lua interpreter
000.742  000.027: expanding arguments
000.752  000.010: inits 2
000.905  000.153: init highlight
000.905  000.000: waiting for UI
000.984  000.079: done waiting for UI
000.988  000.004: clear screen
001.095  000.008  000.008: require('vim.keymap')
001.507  000.075  000.075: sourcing nvim_exec2()
001.524  000.003  000.003: require('vim._core.log')
005.387  004.398  004.311: require('vim._core.defaults')
005.389  000.003: init default mappings & autocommands
005.546  000.033  000.033: sourcing /usr/share/nvim/runtime/ftplugin.vim
005.570  000.011  000.011: sourcing /usr/share/nvim/runtime/indent.vim
005.798  000.118  000.118: require('configs.lazy')
005.862  000.063  000.063: require('lazy')
005.873  000.006  000.006: require('ffi')
005.900  000.018  000.018: require('vim.fs')
005.954  000.052  000.052: require('vim.uri')
005.961  000.087  000.017: require('vim.loader')
006.091  000.099  000.099: require('lazy.stats')
006.337  000.231  000.231: require('lazy.core.util')
006.492  000.154  000.154: require('lazy.core.config')
006.812  000.081  000.081: require('lazy.core.handler')
007.299  000.087  000.087: require('lazy.pkg')
007.302  000.264  000.177: require('lazy.core.meta')
007.306  000.493  000.228: require('lazy.core.plugin')
007.309  000.816  000.243: require('lazy.core.loader')
007.526  000.093  000.093: require('lazy.core.fragments')
008.587  000.032  000.032: require('configs.conform')
009.104  000.042  000.042: require('cmp.utils.debug')
009.290  000.093  000.093: require('cmp.utils.char')
009.294  000.188  000.095: require('cmp.utils.str')
009.754  000.210  000.210: require('cmp.utils.misc')
009.806  000.051  000.051: require('cmp.utils.buffer')
009.879  000.072  000.072: require('cmp.utils.api')
009.883  000.509  000.176: require('cmp.utils.keymap')
009.885  000.590  000.081: require('cmp.utils.feedkeys')
010.372  000.069  000.069: require('cmp.types.cmp')
010.492  000.119  000.119: require('cmp.types.lsp')
010.566  000.072  000.072: require('cmp.types.vim')
010.568  000.309  000.048: require('cmp.types')
010.573  000.433  000.124: require('cmp.config.mapping')
010.652  000.079  000.079: require('cmp.utils.cache')
010.911  000.155  000.155: require('cmp.config.compare')
010.973  000.060  000.060: require('cmp.config.window')
010.974  000.320  000.104: require('cmp.config.default')
010.986  000.960  000.128: require('cmp.config')
010.994  001.108  000.149: require('cmp.utils.async')
011.147  000.056  000.056: require('cmp.utils.pattern')
011.149  000.155  000.099: require('cmp.context')
011.948  000.181  000.181: require('cmp.utils.snippet')
012.072  000.123  000.123: require('cmp.matcher')
012.674  001.200  000.896: require('cmp.entry')
012.679  001.529  000.329: require('cmp.source')
013.113  000.062  000.062: require('cmp.utils.event')
013.396  000.038  000.038: require('cmp.utils.options')
013.399  000.188  000.151: require('cmp.utils.window')
013.400  000.284  000.096: require('cmp.view.docs_view')
013.705  000.061  000.061: require('cmp.utils.autocmd')
013.710  000.309  000.248: require('cmp.view.custom_entries_view')
013.858  000.148  000.148: require('cmp.view.wildmenu_entries_view')
014.026  000.166  000.166: require('cmp.view.native_entries_view')
014.130  000.103  000.103: require('cmp.view.ghost_text_view')
014.135  001.456  000.384: require('cmp.view')
014.293  005.483  000.414: require('cmp.core')
014.409  000.059  000.059: require('cmp.config.sources')
014.438  005.849  000.307: require('cmp')
015.026  000.119  000.119: require('lazy.core.handler.event')
015.028  000.175  000.056: require('lazy.core.handler.ft')
015.101  000.070  000.070: require('lazy.core.handler.cmd')
015.225  000.123  000.123: require('lazy.core.handler.keys')
015.844  000.022  000.022: sourcing nvim_exec2() called at /usr/share/nvim/runtime/filetype.lua:0
015.847  000.095  000.073: sourcing /usr/share/nvim/runtime/filetype.lua
015.848  000.109  000.014: sourcing nvim_exec2() called at /home/willc/.config/nvim/init.lua:0
016.394  000.392  000.392: require('markview.autocmds')
016.573  000.163  000.163: require('markview.commands')
016.576  000.609  000.053: sourcing /home/willc/.local/share/nvim/lazy/markview.nvim/plugin/markview.lua
016.578  000.621  000.012: sourcing nvim_exec2() called at /home/willc/.config/nvim/init.lua:0
016.587  000.002  000.002: sourcing nvim_exec2() called at /home/willc/.config/nvim/init.lua:0
016.593  000.001  000.001: sourcing nvim_exec2() called at /home/willc/.config/nvim/init.lua:0
016.713  000.001  000.001: sourcing nvim_exec2() called at /home/willc/.config/nvim/init.lua:0
016.718  000.001  000.001: sourcing nvim_exec2() called at /home/willc/.config/nvim/init.lua:0
017.851  001.028  001.028: require('vim.filetype')
018.348  000.036  000.036: require('luasnip.util.types')
018.350  000.123  000.087: require('luasnip.util.ext_opts')
018.519  000.031  000.031: require('luasnip.util.lazy_table')
018.573  000.053  000.053: require('luasnip.extras.filetype_functions')
018.578  000.185  000.101: require('luasnip.default_config')
018.579  000.228  000.043: require('luasnip.session')
018.580  000.651  000.300: require('luasnip.config')
018.594  001.848  000.169: sourcing /home/willc/.local/share/nvim/lazy/LuaSnip/plugin/luasnip.lua
018.596  001.859  000.012: sourcing nvim_exec2() called at /home/willc/.config/nvim/init.lua:0
018.623  000.012  000.012: sourcing /home/willc/.local/share/nvim/lazy/LuaSnip/plugin/luasnip.vim
018.624  000.024  000.011: sourcing nvim_exec2() called at /home/willc/.config/nvim/init.lua:0
018.627  000.001  000.001: sourcing nvim_exec2() called at /home/willc/.config/nvim/init.lua:0
018.632  000.001  000.001: sourcing nvim_exec2() called at /home/willc/.config/nvim/init.lua:0
019.416  000.155  000.155: require('vim.version')
020.042  000.816  000.661: require('luasnip.util.vimversion')
020.045  001.003  000.187: require('luasnip.util.util')
020.456  000.122  000.122: require('luasnip.util.str')
020.500  000.042  000.042: require('luasnip.util.table')
020.533  000.032  000.032: require('luasnip.nodes.key_indexer')
020.658  000.123  000.123: require('luasnip.util.feedkeys')
020.864  000.205  000.205: require('luasnip.nodes.util.snippet_string')
020.868  000.822  000.296: require('luasnip.nodes.util')
021.045  000.040  000.040: require('luasnip.session.snippet_collection.source')
021.091  000.045  000.045: require('luasnip.util.auto_table')
021.096  000.226  000.141: require('luasnip.session.snippet_collection')
021.473  000.086  000.086: require('luasnip.util.select')
021.526  000.052  000.052: require('luasnip.util.time')
021.737  000.442  000.304: require('luasnip.util._builtin_vars')
021.780  000.684  000.242: require('luasnip.util.environ')
021.851  000.070  000.070: require('luasnip.util.extend_decorator')
022.097  000.145  000.145: require('luasnip.util.path')
022.361  000.129  000.129: require('luasnip.util.log')
022.367  000.269  000.139: require('luasnip.loaders.util')
022.412  000.004  000.004: require('vim.F')
022.418  000.050  000.046: require('luasnip.loaders.data')
022.676  000.257  000.257: require('luasnip.loaders.fs_watchers')
022.685  000.832  000.111: require('luasnip.loaders')
022.704  004.048  000.410: require('luasnip')
023.004  000.003  000.003: sourcing nvim_exec2() called at /home/willc/.config/nvim/init.lua:0
023.011  000.001  000.001: sourcing nvim_exec2() called at /home/willc/.config/nvim/init.lua:0
023.390  000.049  000.049: require('luasnip.session.enqueueable_operations')
024.360  000.047  000.047: require('luasnip.util.events')
024.399  000.038  000.038: require('luasnip.nodes.optional_arg')
024.409  000.353  000.269: require('luasnip.nodes.node')
024.648  000.238  000.238: require('luasnip.nodes.insertNode')
024.719  000.069  000.069: require('luasnip.nodes.textNode')
024.828  000.106  000.106: require('luasnip.util.mark')
024.904  000.074  000.074: require('luasnip.util.pattern_tokenizer')
024.955  000.050  000.050: require('luasnip.util.dict')
025.657  000.612  000.612: require('luasnip.util.jsregexp')
025.662  000.706  000.094: require('luasnip.nodes.util.trig_engines')
025.705  002.226  000.630: require('luasnip.nodes.snippet')
026.482  000.194  000.194: require('luasnip.util.parser.neovim_ast')
026.724  000.240  000.240: require('luasnip.util.jsregexp')
026.849  000.123  000.123: require('luasnip.util.directed_graph')
026.852  000.916  000.359: require('luasnip.util.parser.ast_utils')
026.949  000.096  000.096: require('luasnip.nodes.functionNode')
027.132  000.182  000.182: require('luasnip.nodes.choiceNode')
027.303  000.170  000.170: require('luasnip.nodes.dynamicNode')
027.349  000.045  000.045: require('luasnip.util.functions')
027.353  001.648  000.239: require('luasnip.util.parser.ast_parser')
027.541  000.187  000.187: require('luasnip.util.parser.neovim_parser')
027.545  004.153  000.092: require('luasnip.util.parser')
027.604  000.059  000.059: require('luasnip.nodes.snippetProxy')
027.788  000.181  000.181: require('luasnip.util.jsonc')
027.876  000.042  000.042: require('luasnip.nodes.duplicate')
027.877  000.088  000.045: require('luasnip.loaders.snippet_cache')
027.881  004.810  000.281: require('luasnip.loaders.from_vscode')
029.049  000.072  000.072: require('luasnip.nodes.multiSnippet')
029.733  000.184  000.184: require('luasnip.loaders.from_snipmate')
030.559  000.158  000.158: require('luasnip.loaders.from_lua')
030.767  007.829  002.601: require('nvchad.configs.luasnip')
030.811  000.003  000.003: sourcing nvim_exec2() called at /home/willc/.config/nvim/init.lua:0
030.816  000.001  000.001: sourcing nvim_exec2() called at /home/willc/.config/nvim/init.lua:0
031.511  000.034  000.034: require('nvim-autopairs._log')
031.623  000.110  000.110: require('nvim-autopairs.utils')
031.626  000.280  000.136: require('nvim-autopairs.conds')
031.629  000.378  000.098: require('nvim-autopairs.rule')
031.631  000.457  000.079: require('nvim-autopairs.rules.basic')
031.635  000.792  000.335: require('nvim-autopairs')
031.787  000.144  000.144: require('nvim-autopairs.fastwrap')
032.095  000.068  000.068: require('nvim-autopairs.completion.handlers')
032.099  000.140  000.072: require('nvim-autopairs.completion.cmp')
032.137  000.002  000.002: sourcing nvim_exec2() called at /home/willc/.config/nvim/init.lua:0
032.142  000.001  000.001: sourcing nvim_exec2() called at /home/willc/.config/nvim/init.lua:0
032.261  000.001  000.001: sourcing nvim_exec2() called at /home/willc/.config/nvim/init.lua:0
032.266  000.001  000.001: sourcing nvim_exec2() called at /home/willc/.config/nvim/init.lua:0
032.349  000.001  000.001: sourcing nvim_exec2() called at /home/willc/.config/nvim/init.lua:0
032.353  000.000  000.000: sourcing nvim_exec2() called at /home/willc/.config/nvim/init.lua:0
032.423  000.001  000.001: sourcing nvim_exec2() called at /home/willc/.config/nvim/init.lua:0
032.427  000.000  000.000: sourcing nvim_exec2() called at /home/willc/.config/nvim/init.lua:0
032.797  000.248  000.248: require('cmp_async_path')
032.815  000.299  000.051: sourcing /home/willc/.local/share/nvim/lazy/cmp-async-path/plugin/cmp_async_path.lua
032.817  000.311  000.011: sourcing nvim_exec2() called at /home/willc/.config/nvim/init.lua:0
032.820  000.001  000.001: sourcing nvim_exec2() called at /home/willc/.config/nvim/init.lua:0
032.825  000.000  000.000: sourcing nvim_exec2() called at /home/willc/.config/nvim/init.lua:0
032.968  000.046  000.046: require('cmp.utils.highlight')
033.138  000.003  000.003: sourcing nvim_exec2() called at /home/willc/.local/share/nvim/lazy/nvim-cmp/plugin/cmp.lua:0
033.140  000.290  000.241: sourcing /home/willc/.local/share/nvim/lazy/nvim-cmp/plugin/cmp.lua
033.141  000.300  000.010: sourcing nvim_exec2() called at /home/willc/.config/nvim/init.lua:0
033.144  000.001  000.001: sourcing nvim_exec2() called at /home/willc/.config/nvim/init.lua:0
033.148  000.001  000.001: sourcing nvim_exec2() called at /home/willc/.config/nvim/init.lua:0
033.363  000.002  000.002: sourcing nvim_exec2() called at /home/willc/.config/nvim/init.lua:0
033.368  000.001  000.001: sourcing nvim_exec2() called at /home/willc/.config/nvim/init.lua:0
033.654  000.051  000.051: require('chadrc')
033.756  000.230  000.180: require('nvconfig')
033.902  000.142  000.142: require('nvchad.stl.utils')
034.019  000.110  000.110: require('nvchad.tabufline.lazyload')
034.023  000.653  000.171: require('nvchad')
034.129  000.046  000.046: require('nvchad.cmp.format')
034.131  000.883  000.182: require('nvchad.cmp')
034.153  000.997  000.113: require('nvchad.configs.cmp')
034.485  000.002  000.002: sourcing nvim_exec2() called at /home/willc/.config/nvim/init.lua:0
034.492  000.001  000.001: sourcing nvim_exec2() called at /home/willc/.config/nvim/init.lua:0
034.666  000.014  000.014: sourcing /home/willc/.local/share/nvim/lazy/plenary.nvim/plugin/plenary.vim
034.668  000.026  000.012: sourcing nvim_exec2() called at /home/willc/.config/nvim/init.lua:0
034.677  000.001  000.001: sourcing nvim_exec2() called at /home/willc/.config/nvim/init.lua:0
034.688  000.001  000.001: sourcing nvim_exec2() called at /home/willc/.config/nvim/init.lua:0
034.701  000.001  000.001: sourcing nvim_exec2() called at /home/willc/.config/nvim/init.lua:0
034.710  000.001  000.001: sourcing nvim_exec2() called at /home/willc/.config/nvim/init.lua:0
035.195  000.483  000.483: require('alpha')
035.286  000.090  000.090: require('alpha.themes.dashboard')
097.276  000.175  000.175: require('vim.treesitter.language')
097.331  000.047  000.047: require('vim.func')
097.457  000.124  000.124: require('vim.treesitter._range')
097.537  000.073  000.073: require('vim.func._memoize')
097.566  000.896  000.477: require('vim.treesitter.query')
097.580  001.524  000.628: require('vim.treesitter.languagetree')
097.588  001.839  000.316: require('vim.treesitter')
097.709  002.213  000.374: sourcing /home/willc/.local/share/nvim/lazy/nvim-treesitter/plugin/filetypes.lua
097.713  002.237  000.024: sourcing nvim_exec2() called at /home/willc/.config/nvim/init.lua:0
097.850  000.105  000.105: sourcing /home/willc/.local/share/nvim/lazy/nvim-treesitter/plugin/nvim-treesitter.lua
097.852  000.120  000.015: sourcing nvim_exec2() called at /home/willc/.config/nvim/init.lua:0
097.933  000.054  000.054: sourcing /home/willc/.local/share/nvim/lazy/nvim-treesitter/plugin/query_predicates.lua
097.935  000.066  000.012: sourcing nvim_exec2() called at /home/willc/.config/nvim/init.lua:0
097.939  000.002  000.002: sourcing nvim_exec2() called at /home/willc/.config/nvim/init.lua:0
097.945  000.001  000.001: sourcing nvim_exec2() called at /home/willc/.config/nvim/init.lua:0
098.182  000.222  000.222: require('nvchad.configs.treesitter')
098.352  000.166  000.166: require('nvim-treesitter')
098.478  000.125  000.125: require('nvim-treesitter.config')
098.503  000.002  000.002: sourcing nvim_exec2() called at /home/willc/.config/nvim/init.lua:0
098.508  000.001  000.001: sourcing nvim_exec2() called at /home/willc/.config/nvim/init.lua:0
098.598  000.001  000.001: sourcing nvim_exec2() called at /home/willc/.config/nvim/init.lua:0
098.604  000.001  000.001: sourcing nvim_exec2() called at /home/willc/.config/nvim/init.lua:0
099.007  000.081  000.081: require('smear_cursor.config')
099.057  000.048  000.048: require('smear_cursor.math')
099.079  000.299  000.169: require('smear_cursor.color')
100.286  000.731  000.731: require('smear_cursor.draw')
100.364  000.076  000.076: require('smear_cursor.screen')
100.380  001.199  000.392: require('smear_cursor.animation')
100.391  001.312  000.112: require('smear_cursor.events')
100.394  001.773  000.163: require('smear_cursor')
100.582  000.056  000.056: sourcing /usr/share/nvim/runtime/plugin/editorconfig.lua
100.584  000.068  000.012: sourcing nvim_exec2() called at /home/willc/.config/nvim/init.lua:0
100.664  000.067  000.067: sourcing /usr/share/nvim/runtime/plugin/man.lua
100.666  000.076  000.009: sourcing nvim_exec2() called at /home/willc/.config/nvim/init.lua:0
100.767  000.091  000.091: sourcing /usr/share/nvim/runtime/plugin/matchparen.vim
100.769  000.100  000.009: sourcing nvim_exec2() called at /home/willc/.config/nvim/init.lua:0
100.896  000.118  000.118: sourcing /usr/share/nvim/runtime/plugin/net.lua
100.897  000.126  000.009: sourcing nvim_exec2() called at /home/willc/.config/nvim/init.lua:0
101.202  000.294  000.294: sourcing /usr/share/nvim/runtime/plugin/osc52.lua
101.204  000.303  000.009: sourcing nvim_exec2() called at /home/willc/.config/nvim/init.lua:0
101.420  000.198  000.198: sourcing /usr/share/nvim/runtime/plugin/shada.lua
101.421  000.208  000.010: sourcing nvim_exec2() called at /home/willc/.config/nvim/init.lua:0
101.513  000.069  000.069: sourcing /usr/share/nvim/runtime/plugin/spellfile.lua
101.515  000.082  000.013: sourcing nvim_exec2() called at /home/willc/.config/nvim/init.lua:0
102.553  000.149  000.149: require('cmp_buffer.timer')
102.565  000.615  000.466: require('cmp_buffer.buffer')
102.574  000.804  000.188: require('cmp_buffer.source')
102.575  000.877  000.073: require('cmp_buffer')
102.617  000.972  000.095: sourcing /home/willc/.local/share/nvim/lazy/cmp-buffer/after/plugin/cmp_buffer.lua
102.619  000.987  000.014: sourcing nvim_exec2() called at /home/willc/.config/nvim/init.lua:0
103.078  000.194  000.194: require('cmp_nvim_lsp.source')
103.083  000.389  000.194: require('cmp_nvim_lsp')
103.091  000.437  000.048: sourcing /home/willc/.local/share/nvim/lazy/cmp-nvim-lsp/after/plugin/cmp_nvim_lsp.lua
103.092  000.450  000.013: sourcing nvim_exec2() called at /home/willc/.config/nvim/init.lua:0
103.208  000.060  000.060: require('cmp_nvim_lua')
103.225  000.103  000.043: sourcing /home/willc/.local/share/nvim/lazy/cmp-nvim-lua/after/plugin/cmp_nvim_lua.lua
103.226  000.115  000.012: sourcing nvim_exec2() called at /home/willc/.config/nvim/init.lua:0
104.561  000.449  000.449: require('vim.lsp.protocol')
104.571  001.190  000.741: require('vim.lsp.util')
104.573  001.297  000.107: require('cmp_luasnip')
104.596  001.348  000.052: sourcing /home/willc/.local/share/nvim/lazy/cmp_luasnip/after/plugin/cmp_luasnip.lua
104.598  001.360  000.012: sourcing nvim_exec2() called at /home/willc/.config/nvim/init.lua:0
104.703  000.070  000.070: require('rustaceanvim.config')
104.991  000.015  000.015: sourcing /home/willc/.local/share/nvim/lazy/nvim-web-devicons/plugin/nvim-web-devicons.vim
104.993  000.029  000.014: sourcing nvim_exec2() called at /home/willc/.config/nvim/init.lua:0
104.997  000.001  000.001: sourcing nvim_exec2() called at /home/willc/.config/nvim/init.lua:0
105.001  000.001  000.001: sourcing nvim_exec2() called at /home/willc/.config/nvim/init.lua:0
105.081  000.041  000.041: require('nvchad.icons.devicons')
105.428  000.085  000.085: require('nvim-web-devicons.filetypes')
105.692  000.227  000.227: require('nvim-web-devicons.default.icons_by_filename')
106.186  000.493  000.493: require('nvim-web-devicons.default.icons_by_file_extension')
106.278  000.090  000.090: require('nvim-web-devicons.default.icons_by_operating_system')
106.323  000.044  000.044: require('nvim-web-devicons.default.icons_by_desktop_environment')
106.362  000.038  000.038: require('nvim-web-devicons.default.icons_by_window_manager')
106.363  000.928  000.035: require('nvim-web-devicons.icons-default')
106.490  001.408  000.395: require('nvim-web-devicons')
107.512  000.003  000.003: sourcing nvim_exec2() called at /home/willc/.config/nvim/init.lua:0
107.517  000.001  000.001: sourcing nvim_exec2() called at /home/willc/.config/nvim/init.lua:0
107.784  000.215  000.215: require('aerial')
107.807  003.096  001.397: require('aerial')
108.187  000.038  000.038: sourcing /home/willc/.local/share/nvim/lazy/which-key.nvim/plugin/which-key.lua
108.190  000.055  000.017: sourcing nvim_exec2() called at /home/willc/.config/nvim/init.lua:0
108.193  000.001  000.001: sourcing nvim_exec2() called at /home/willc/.config/nvim/init.lua:0
108.198  000.001  000.001: sourcing nvim_exec2() called at /home/willc/.config/nvim/init.lua:0
108.377  000.139  000.139: require('which-key')
108.523  000.144  000.144: require('which-key.config')
108.558  000.584  000.244: require('which-key')
108.711  000.048  000.048: sourcing /home/willc/.local/share/nvim/lazy/fzf-lua/plugin/fzf-lua.lua
108.713  000.062  000.014: sourcing nvim_exec2() called at /home/willc/.config/nvim/init.lua:0
108.716  000.001  000.001: sourcing nvim_exec2() called at /home/willc/.config/nvim/init.lua:0
108.723  000.003  000.003: sourcing nvim_exec2() called at /home/willc/.config/nvim/init.lua:0
110.141  000.675  000.675: require('fzf-lua.utils')
110.557  000.113  000.113: require('fzf-lua.lib.base64')
110.800  000.242  000.242: require('fzf-lua.lib.serpent')
110.803  000.660  000.305: require('fzf-lua.libuv')
110.808  001.655  000.319: require('fzf-lua.path')
112.320  001.055  001.055: require('fzf-lua.actions')
112.637  000.059  000.059: require('fzf-lua.class')
112.659  000.336  000.277: require('fzf-lua.devicons')
113.583  000.104  000.104: require('fzf-lua.previewer')
113.916  001.255  001.151: require('fzf-lua.defaults')
113.923  003.115  000.468: require('fzf-lua.config')
113.990  000.010  000.010: sourcing /home/willc/.local/share/nvim/lazy/fzf-lua/autoload/fzf_lua.vim
113.992  000.026  000.017: sourcing nvim_exec2() called at /home/willc/.config/nvim/init.lua:0
115.006  000.771  000.771: require('fzf-lua.win')
115.716  000.136  000.136: require('fzf-lua.fzf')
115.994  000.276  000.276: require('fzf-lua.shell')
116.005  000.996  000.584: require('fzf-lua.core')
116.465  000.439  000.439: require('fzf-lua.make_entry')
116.490  007.702  000.701: require('fzf-lua')
116.944  008.216  000.514: require('configs.FzfLua')
116.949  008.389  000.107: require('fzf-lua')
117.713  000.170  000.170: require('vim.lsp.log')
118.044  000.148  000.148: require('vim.lsp.sync')
118.049  000.332  000.184: require('vim.lsp._changetracking')
118.432  000.112  000.112: require('vim.lsp._transport')
118.438  000.005  000.005: require('vim._core.stringbuffer')
118.468  000.418  000.302: require('vim.lsp.rpc')
118.514  001.519  000.599: require('vim.lsp')
119.454  000.939  000.939: require('vim.lsp.buf')
121.076  001.608  001.608: require('vim.diagnostic')
121.160  013.352  000.314: require('mappings')
121.644  000.185  000.185: require('nvchad.options')
121.670  000.258  000.073: require('options')
121.772  000.066  000.066: require('nvchad.autocmds')
121.780  000.005  000.005: sourcing nvim_exec2() called at /home/willc/.config/nvim/init.lua:0
121.781  000.110  000.040: require('autocmds')
121.826  000.044  000.044: require('configs.ui')
122.078  000.098  000.098: require('nvim-autopairs.ts-conds')
122.080  000.143  000.045: require('nvim-autopairs.rules.ts_basic')
122.311  000.231  000.231: require('vim.treesitter.highlighter')
122.470  116.891  065.281: sourcing /home/willc/.config/nvim/init.lua
122.473  000.150: sourcing vimrc file(s)
122.578  000.022  000.022: sourcing /usr/share/nvim/runtime/filetype.lua
122.710  000.038  000.038: sourcing /usr/share/nvim/runtime/syntax/synload.vim
122.760  000.144  000.106: sourcing /usr/share/nvim/runtime/syntax/syntax.vim
122.768  000.129: inits 3
124.597  001.829: reading ShaDa
124.776  000.145  000.145: require('markview.state')
124.997  000.217  000.217: require('markview.spec')
125.204  000.245: opening buffers
125.501  000.216  000.216: require('aerial.config')
126.648  001.048  001.048: require('mini.icons')
126.776  000.084  000.084: require('aerial.highlight')
127.085  000.180  000.180: require('aerial.util')
127.087  000.267  000.087: require('aerial.autocommands')
127.142  000.323: BufEnter autocommands
127.144  000.002: editing files in windows
127.158  000.014: --- NVIM STARTED ---

